0 info it worked if it ends with ok
1 verbose cli [ 'C:\\Program Files\\nodejs\\node.exe',
1 verbose cli   'C:\\Users\\Spencer Tilton\\AppData\\Roaming\\npm\\node_modules\\npm\\bin\\npm-cli.js',
1 verbose cli   'install',
1 verbose cli   'nodejs' ]
2 info using npm@4.0.5
3 info using node@v8.9.4
4 silly loadCurrentTree Starting
5 silly install loadCurrentTree
6 silly install readLocalPackageData
7 silly fetchPackageMetaData nodejs
8 silly fetchNamedPackageData nodejs
9 silly mapToRegistry name nodejs
10 silly mapToRegistry using default registry
11 silly mapToRegistry registry https://registry.npmjs.org/
12 silly mapToRegistry data Result {
12 silly mapToRegistry   raw: 'nodejs',
12 silly mapToRegistry   scope: null,
12 silly mapToRegistry   escapedName: 'nodejs',
12 silly mapToRegistry   name: 'nodejs',
12 silly mapToRegistry   rawSpec: '',
12 silly mapToRegistry   spec: 'latest',
12 silly mapToRegistry   type: 'tag' }
13 silly mapToRegistry uri https://registry.npmjs.org/nodejs
14 verbose request uri https://registry.npmjs.org/nodejs
15 verbose request no auth needed
16 info attempt registry request try #1 at 22:22:39
17 verbose request id 489d812570636346
18 http request GET https://registry.npmjs.org/nodejs
19 http 200 https://registry.npmjs.org/nodejs
20 verbose headers { 'content-type': 'application/json; charset=UTF-8',
20 verbose headers   server: 'UploadServer',
20 verbose headers   'cache-control': 'max-age=300',
20 verbose headers   'last-modified': 'Fri, 21 Oct 2016 14:29:47 GMT',
20 verbose headers   etag: '"580a265b-3dd"',
20 verbose headers   'x-npm-region': 'US-Central',
20 verbose headers   'content-encoding': 'gzip',
20 verbose headers   'content-length': '514',
20 verbose headers   'accept-ranges': 'bytes',
20 verbose headers   date: 'Wed, 14 Mar 2018 05:22:41 GMT',
20 verbose headers   via: '1.1 varnish',
20 verbose headers   age: '0',
20 verbose headers   connection: 'keep-alive',
20 verbose headers   'x-served-by': 'cache-dfw18642-DFW',
20 verbose headers   'x-cache': 'MISS',
20 verbose headers   'x-cache-hits': '0',
20 verbose headers   'x-timer': 'S1521004961.254289,VS0,VE101',
20 verbose headers   vary: 'Accept-Encoding, Accept' }
21 silly get cb [ 200,
21 silly get   { 'content-type': 'application/json; charset=UTF-8',
21 silly get     server: 'UploadServer',
21 silly get     'cache-control': 'max-age=300',
21 silly get     'last-modified': 'Fri, 21 Oct 2016 14:29:47 GMT',
21 silly get     etag: '"580a265b-3dd"',
21 silly get     'x-npm-region': 'US-Central',
21 silly get     'content-encoding': 'gzip',
21 silly get     'content-length': '514',
21 silly get     'accept-ranges': 'bytes',
21 silly get     date: 'Wed, 14 Mar 2018 05:22:41 GMT',
21 silly get     via: '1.1 varnish',
21 silly get     age: '0',
21 silly get     connection: 'keep-alive',
21 silly get     'x-served-by': 'cache-dfw18642-DFW',
21 silly get     'x-cache': 'MISS',
21 silly get     'x-cache-hits': '0',
21 silly get     'x-timer': 'S1521004961.254289,VS0,VE101',
21 silly get     vary: 'Accept-Encoding, Accept' } ]
22 verbose get saving nodejs to C:\Users\Spencer Tilton\AppData\Roaming\npm-cache\registry.npmjs.org\nodejs\.cache.json
23 verbose correctMkdir C:\Users\Spencer Tilton\AppData\Roaming\npm-cache correctMkdir not in flight; initializing
24 silly install normalizeTree
25 silly loadCurrentTree Finishing
26 silly loadIdealTree Starting
27 silly install loadIdealTree
28 silly cloneCurrentTree Starting
29 silly install cloneCurrentTreeToIdealTree
30 silly cloneCurrentTree Finishing
31 silly loadShrinkwrap Starting
32 silly install loadShrinkwrap
33 silly loadShrinkwrap Finishing
34 silly loadAllDepsIntoIdealTree Starting
35 silly install loadAllDepsIntoIdealTree
36 silly resolveWithNewModule nodejs@0.0.0 checking installable status
37 silly cache add args [ 'nodejs', null ]
38 verbose cache add spec nodejs
39 silly cache add parsed spec Result {
39 silly cache add   raw: 'nodejs',
39 silly cache add   scope: null,
39 silly cache add   escapedName: 'nodejs',
39 silly cache add   name: 'nodejs',
39 silly cache add   rawSpec: '',
39 silly cache add   spec: 'latest',
39 silly cache add   type: 'tag' }
40 silly addNamed nodejs@latest
41 verbose addNamed "latest" is being treated as a dist-tag for nodejs
42 info addNameTag [ 'nodejs', 'latest' ]
43 silly mapToRegistry name nodejs
44 silly mapToRegistry using default registry
45 silly mapToRegistry registry https://registry.npmjs.org/
46 silly mapToRegistry data Result {
46 silly mapToRegistry   raw: 'nodejs',
46 silly mapToRegistry   scope: null,
46 silly mapToRegistry   escapedName: 'nodejs',
46 silly mapToRegistry   name: 'nodejs',
46 silly mapToRegistry   rawSpec: '',
46 silly mapToRegistry   spec: 'latest',
46 silly mapToRegistry   type: 'tag' }
47 silly mapToRegistry uri https://registry.npmjs.org/nodejs
48 verbose addNameTag registry:https://registry.npmjs.org/nodejs not in flight; fetching
49 verbose get https://registry.npmjs.org/nodejs not expired, no request
50 silly addNameTag next cb for nodejs with tag latest
51 silly addNamed nodejs@0.0.0
52 verbose addNamed "0.0.0" is a plain semver version for nodejs
53 silly mapToRegistry name nodejs
54 silly mapToRegistry using default registry
55 silly mapToRegistry registry https://registry.npmjs.org/
56 silly mapToRegistry data Result {
56 silly mapToRegistry   raw: 'nodejs',
56 silly mapToRegistry   scope: null,
56 silly mapToRegistry   escapedName: 'nodejs',
56 silly mapToRegistry   name: 'nodejs',
56 silly mapToRegistry   rawSpec: '',
56 silly mapToRegistry   spec: 'latest',
56 silly mapToRegistry   type: 'tag' }
57 silly mapToRegistry uri https://registry.npmjs.org/nodejs
58 verbose addRemoteTarball https://registry.npmjs.org/nodejs/-/nodejs-0.0.0.tgz not in flight; adding
59 verbose addRemoteTarball [ 'https://registry.npmjs.org/nodejs/-/nodejs-0.0.0.tgz',
59 verbose addRemoteTarball   '4722fa2e18ac4eb73a42ae16d01e3584a12b7531' ]
60 info retry fetch attempt 1 at 22:22:40
61 info attempt registry request try #1 at 22:22:40
62 http fetch GET https://registry.npmjs.org/nodejs/-/nodejs-0.0.0.tgz
63 http fetch 200 https://registry.npmjs.org/nodejs/-/nodejs-0.0.0.tgz
64 silly fetchAndShaCheck shasum 4722fa2e18ac4eb73a42ae16d01e3584a12b7531
65 verbose addTmpTarball C:\Users\SPENCE~1\AppData\Local\Temp\npm-76496-ef655a8c\registry.npmjs.org\nodejs\-\nodejs-0.0.0.tgz not in flight; adding
66 verbose addTmpTarball already have metadata; skipping unpack for nodejs@0.0.0
67 verbose correctMkdir C:\Users\Spencer Tilton\AppData\Roaming\npm-cache correctMkdir not in flight; initializing
68 silly cache afterAdd nodejs@0.0.0
69 verbose afterAdd C:\Users\Spencer Tilton\AppData\Roaming\npm-cache\nodejs\0.0.0\package\package.json not in flight; writing
70 verbose correctMkdir C:\Users\Spencer Tilton\AppData\Roaming\npm-cache correctMkdir not in flight; initializing
71 verbose afterAdd C:\Users\Spencer Tilton\AppData\Roaming\npm-cache\nodejs\0.0.0\package\package.json written
72 silly loadAllDepsIntoIdealTree Finishing
73 silly loadIdealTree Finishing
74 silly currentTree rl-fighter@1.0.0
74 silly currentTree +-- @zeit/check-updates@1.1.0
74 silly currentTree | `-- chalk@2.3.0
74 silly currentTree +-- accepts@1.3.5
74 silly currentTree +-- address@1.0.3
74 silly currentTree +-- align-text@0.1.4
74 silly currentTree +-- amdefine@1.0.1
74 silly currentTree +-- ansi-align@2.0.0
74 silly currentTree +-- ansi-regex@3.0.0
74 silly currentTree +-- ansi-styles@3.2.1
74 silly currentTree +-- arch@2.1.0
74 silly currentTree +-- args@3.0.8
74 silly currentTree | `-- chalk@2.1.0
74 silly currentTree +-- async@1.5.2
74 silly currentTree +-- basic-auth@2.0.0
74 silly currentTree +-- bluebird@3.5.1
74 silly currentTree +-- boxen@1.3.0
74 silly currentTree +-- bytes@3.0.0
74 silly currentTree +-- camelcase@4.1.0
74 silly currentTree +-- capture-stack-trace@1.0.0
74 silly currentTree +-- center-align@0.1.3
74 silly currentTree +-- chalk@2.3.2
74 silly currentTree | +-- has-flag@3.0.0
74 silly currentTree | `-- supports-color@5.3.0
74 silly currentTree +-- cli-boxes@1.0.0
74 silly currentTree +-- clipboardy@1.2.3
74 silly currentTree | `-- execa@0.8.0
74 silly currentTree +-- cliui@2.1.0
74 silly currentTree | `-- wordwrap@0.0.2
74 silly currentTree +-- color-convert@1.9.1
74 silly currentTree +-- color-name@1.1.3
74 silly currentTree +-- compressible@2.0.13
74 silly currentTree +-- compression@1.7.2
74 silly currentTree +-- configstore@3.1.1
74 silly currentTree +-- content-type@1.0.4
74 silly currentTree +-- create-error-class@3.0.2
74 silly currentTree +-- cross-spawn@5.1.0
74 silly currentTree +-- crypto-random-string@1.0.0
74 silly currentTree +-- dargs@5.1.0
74 silly currentTree +-- debug@2.6.9
74 silly currentTree | `-- ms@2.0.0
74 silly currentTree +-- decamelize@1.2.0
74 silly currentTree +-- deep-extend@0.4.2
74 silly currentTree +-- depd@1.1.1
74 silly currentTree +-- destroy@1.0.4
74 silly currentTree +-- detect-port@1.2.2
74 silly currentTree +-- dot-prop@4.2.0
74 silly currentTree +-- duplexer3@0.1.4
74 silly currentTree +-- ee-first@1.1.1
74 silly currentTree +-- encodeurl@1.0.2
74 silly currentTree +-- escape-html@1.0.3
74 silly currentTree +-- escape-string-regexp@1.0.5
74 silly currentTree +-- etag@1.8.1
74 silly currentTree +-- execa@0.7.0
74 silly currentTree +-- filesize@3.6.0
74 silly currentTree +-- fresh@0.5.2
74 silly currentTree +-- fs-extra@5.0.0
74 silly currentTree +-- get-stream@3.0.0
74 silly currentTree +-- global-dirs@0.1.1
74 silly currentTree +-- got@6.7.1
74 silly currentTree +-- graceful-fs@4.1.11
74 silly currentTree +-- handlebars@4.0.11
74 silly currentTree +-- has-flag@2.0.0
74 silly currentTree +-- http-errors@1.6.2
74 silly currentTree +-- iconv-lite@0.4.19
74 silly currentTree +-- import-lazy@2.1.0
74 silly currentTree +-- imurmurhash@0.1.4
74 silly currentTree +-- inherits@2.0.3
74 silly currentTree +-- ini@1.3.5
74 silly currentTree +-- ip@1.1.5
74 silly currentTree +-- is-buffer@1.1.6
74 silly currentTree +-- is-fullwidth-code-point@2.0.0
74 silly currentTree +-- is-installed-globally@0.1.0
74 silly currentTree +-- is-npm@1.0.0
74 silly currentTree +-- is-obj@1.0.1
74 silly currentTree +-- is-path-inside@1.0.1
74 silly currentTree +-- is-redirect@1.0.0
74 silly currentTree +-- is-retry-allowed@1.1.0
74 silly currentTree +-- is-stream@1.1.0
74 silly currentTree +-- is-wsl@1.1.0
74 silly currentTree +-- isexe@2.0.0
74 silly currentTree +-- jsonfile@4.0.0
74 silly currentTree +-- kind-of@3.2.2
74 silly currentTree +-- latest-version@3.1.0
74 silly currentTree +-- lazy-cache@1.0.4
74 silly currentTree +-- lodash@4.17.5
74 silly currentTree +-- longest@1.0.1
74 silly currentTree +-- lowercase-keys@1.0.0
74 silly currentTree +-- lru-cache@4.1.2
74 silly currentTree +-- make-dir@1.2.0
74 silly currentTree +-- micro-compress@1.0.0
74 silly currentTree +-- micro@9.1.0
74 silly currentTree +-- mime-db@1.33.0
74 silly currentTree +-- mime-types@2.1.18
74 silly currentTree +-- mime@1.4.1
74 silly currentTree +-- minimist@1.2.0
74 silly currentTree +-- mri@1.1.0
74 silly currentTree +-- ms@2.1.1
74 silly currentTree +-- negotiator@0.6.1
74 silly currentTree +-- node-version@1.1.0
74 silly currentTree +-- npm-run-path@2.0.2
74 silly currentTree +-- on-finished@2.3.0
74 silly currentTree +-- on-headers@1.0.1
74 silly currentTree +-- openssl-self-signed-certificate@1.1.6
74 silly currentTree +-- opn@5.2.0
74 silly currentTree +-- optimist@0.6.1
74 silly currentTree | `-- minimist@0.0.10
74 silly currentTree +-- p-finally@1.0.0
74 silly currentTree +-- package-json@4.0.1
74 silly currentTree +-- path-is-inside@1.0.2
74 silly currentTree +-- path-key@2.0.1
74 silly currentTree +-- path-type@3.0.0
74 silly currentTree +-- pify@3.0.0
74 silly currentTree +-- pkginfo@0.4.1
74 silly currentTree +-- prepend-http@1.0.4
74 silly currentTree +-- pseudomap@1.0.2
74 silly currentTree +-- range-parser@1.2.0
74 silly currentTree +-- raw-body@2.3.2
74 silly currentTree +-- rc@1.2.5
74 silly currentTree +-- registry-auth-token@3.3.2
74 silly currentTree +-- registry-url@3.1.0
74 silly currentTree +-- repeat-string@1.6.1
74 silly currentTree +-- right-align@0.1.3
74 silly currentTree +-- safe-buffer@5.1.1
74 silly currentTree +-- semver-diff@2.1.0
74 silly currentTree +-- semver@5.5.0
74 silly currentTree +-- send@0.16.2
74 silly currentTree | +-- depd@1.1.2
74 silly currentTree | `-- ms@2.0.0
74 silly currentTree +-- serve@6.5.3
74 silly currentTree +-- setprototypeof@1.0.3
74 silly currentTree +-- shebang-command@1.2.0
74 silly currentTree +-- shebang-regex@1.0.0
74 silly currentTree +-- signal-exit@3.0.2
74 silly currentTree +-- source-map@0.4.4
74 silly currentTree +-- statuses@1.4.0
74 silly currentTree +-- string-similarity@1.2.0
74 silly currentTree +-- string-width@2.1.1
74 silly currentTree +-- strip-ansi@4.0.0
74 silly currentTree +-- strip-eof@1.0.0
74 silly currentTree +-- strip-json-comments@2.0.1
74 silly currentTree +-- supports-color@4.5.0
74 silly currentTree +-- term-size@1.2.0
74 silly currentTree +-- timed-out@4.0.1
74 silly currentTree +-- uglify-js@2.8.29
74 silly currentTree | `-- source-map@0.5.7
74 silly currentTree +-- uglify-to-browserify@1.0.2
74 silly currentTree +-- unique-string@1.0.0
74 silly currentTree +-- universalify@0.1.1
74 silly currentTree +-- unpipe@1.0.0
74 silly currentTree +-- unzip-response@2.0.1
74 silly currentTree +-- update-notifier@2.3.0
74 silly currentTree +-- url-parse-lax@1.0.0
74 silly currentTree +-- vary@1.1.2
74 silly currentTree +-- which@1.3.0
74 silly currentTree +-- widest-line@2.0.0
74 silly currentTree +-- window-size@0.1.0
74 silly currentTree +-- wordwrap@0.0.3
74 silly currentTree +-- write-file-atomic@2.3.0
74 silly currentTree +-- xdg-basedir@3.0.0
74 silly currentTree +-- yallist@2.1.2
74 silly currentTree `-- yargs@3.10.0
74 silly currentTree   `-- camelcase@1.2.1
75 silly idealTree rl-fighter@1.0.0
75 silly idealTree +-- @zeit/check-updates@1.1.0
75 silly idealTree | `-- chalk@2.3.0
75 silly idealTree +-- accepts@1.3.5
75 silly idealTree +-- address@1.0.3
75 silly idealTree +-- align-text@0.1.4
75 silly idealTree +-- amdefine@1.0.1
75 silly idealTree +-- ansi-align@2.0.0
75 silly idealTree +-- ansi-regex@3.0.0
75 silly idealTree +-- ansi-styles@3.2.1
75 silly idealTree +-- arch@2.1.0
75 silly idealTree +-- args@3.0.8
75 silly idealTree | `-- chalk@2.1.0
75 silly idealTree +-- async@1.5.2
75 silly idealTree +-- basic-auth@2.0.0
75 silly idealTree +-- bluebird@3.5.1
75 silly idealTree +-- boxen@1.3.0
75 silly idealTree +-- bytes@3.0.0
75 silly idealTree +-- camelcase@4.1.0
75 silly idealTree +-- capture-stack-trace@1.0.0
75 silly idealTree +-- center-align@0.1.3
75 silly idealTree +-- chalk@2.3.2
75 silly idealTree | +-- has-flag@3.0.0
75 silly idealTree | `-- supports-color@5.3.0
75 silly idealTree +-- cli-boxes@1.0.0
75 silly idealTree +-- clipboardy@1.2.3
75 silly idealTree | `-- execa@0.8.0
75 silly idealTree +-- cliui@2.1.0
75 silly idealTree | `-- wordwrap@0.0.2
75 silly idealTree +-- color-convert@1.9.1
75 silly idealTree +-- color-name@1.1.3
75 silly idealTree +-- compressible@2.0.13
75 silly idealTree +-- compression@1.7.2
75 silly idealTree +-- configstore@3.1.1
75 silly idealTree +-- content-type@1.0.4
75 silly idealTree +-- create-error-class@3.0.2
75 silly idealTree +-- cross-spawn@5.1.0
75 silly idealTree +-- crypto-random-string@1.0.0
75 silly idealTree +-- dargs@5.1.0
75 silly idealTree +-- debug@2.6.9
75 silly idealTree | `-- ms@2.0.0
75 silly idealTree +-- decamelize@1.2.0
75 silly idealTree +-- deep-extend@0.4.2
75 silly idealTree +-- depd@1.1.1
75 silly idealTree +-- destroy@1.0.4
75 silly idealTree +-- detect-port@1.2.2
75 silly idealTree +-- dot-prop@4.2.0
75 silly idealTree +-- duplexer3@0.1.4
75 silly idealTree +-- ee-first@1.1.1
75 silly idealTree +-- encodeurl@1.0.2
75 silly idealTree +-- escape-html@1.0.3
75 silly idealTree +-- escape-string-regexp@1.0.5
75 silly idealTree +-- etag@1.8.1
75 silly idealTree +-- execa@0.7.0
75 silly idealTree +-- filesize@3.6.0
75 silly idealTree +-- fresh@0.5.2
75 silly idealTree +-- fs-extra@5.0.0
75 silly idealTree +-- get-stream@3.0.0
75 silly idealTree +-- global-dirs@0.1.1
75 silly idealTree +-- got@6.7.1
75 silly idealTree +-- graceful-fs@4.1.11
75 silly idealTree +-- handlebars@4.0.11
75 silly idealTree +-- has-flag@2.0.0
75 silly idealTree +-- http-errors@1.6.2
75 silly idealTree +-- iconv-lite@0.4.19
75 silly idealTree +-- import-lazy@2.1.0
75 silly idealTree +-- imurmurhash@0.1.4
75 silly idealTree +-- inherits@2.0.3
75 silly idealTree +-- ini@1.3.5
75 silly idealTree +-- ip@1.1.5
75 silly idealTree +-- is-buffer@1.1.6
75 silly idealTree +-- is-fullwidth-code-point@2.0.0
75 silly idealTree +-- is-installed-globally@0.1.0
75 silly idealTree +-- is-npm@1.0.0
75 silly idealTree +-- is-obj@1.0.1
75 silly idealTree +-- is-path-inside@1.0.1
75 silly idealTree +-- is-redirect@1.0.0
75 silly idealTree +-- is-retry-allowed@1.1.0
75 silly idealTree +-- is-stream@1.1.0
75 silly idealTree +-- is-wsl@1.1.0
75 silly idealTree +-- isexe@2.0.0
75 silly idealTree +-- jsonfile@4.0.0
75 silly idealTree +-- kind-of@3.2.2
75 silly idealTree +-- latest-version@3.1.0
75 silly idealTree +-- lazy-cache@1.0.4
75 silly idealTree +-- lodash@4.17.5
75 silly idealTree +-- longest@1.0.1
75 silly idealTree +-- lowercase-keys@1.0.0
75 silly idealTree +-- lru-cache@4.1.2
75 silly idealTree +-- make-dir@1.2.0
75 silly idealTree +-- micro-compress@1.0.0
75 silly idealTree +-- micro@9.1.0
75 silly idealTree +-- mime-db@1.33.0
75 silly idealTree +-- mime-types@2.1.18
75 silly idealTree +-- mime@1.4.1
75 silly idealTree +-- minimist@1.2.0
75 silly idealTree +-- mri@1.1.0
75 silly idealTree +-- ms@2.1.1
75 silly idealTree +-- negotiator@0.6.1
75 silly idealTree +-- node-version@1.1.0
75 silly idealTree +-- nodejs@0.0.0
75 silly idealTree +-- npm-run-path@2.0.2
75 silly idealTree +-- on-finished@2.3.0
75 silly idealTree +-- on-headers@1.0.1
75 silly idealTree +-- openssl-self-signed-certificate@1.1.6
75 silly idealTree +-- opn@5.2.0
75 silly idealTree +-- optimist@0.6.1
75 silly idealTree | `-- minimist@0.0.10
75 silly idealTree +-- p-finally@1.0.0
75 silly idealTree +-- package-json@4.0.1
75 silly idealTree +-- path-is-inside@1.0.2
75 silly idealTree +-- path-key@2.0.1
75 silly idealTree +-- path-type@3.0.0
75 silly idealTree +-- pify@3.0.0
75 silly idealTree +-- pkginfo@0.4.1
75 silly idealTree +-- prepend-http@1.0.4
75 silly idealTree +-- pseudomap@1.0.2
75 silly idealTree +-- range-parser@1.2.0
75 silly idealTree +-- raw-body@2.3.2
75 silly idealTree +-- rc@1.2.5
75 silly idealTree +-- registry-auth-token@3.3.2
75 silly idealTree +-- registry-url@3.1.0
75 silly idealTree +-- repeat-string@1.6.1
75 silly idealTree +-- right-align@0.1.3
75 silly idealTree +-- safe-buffer@5.1.1
75 silly idealTree +-- semver-diff@2.1.0
75 silly idealTree +-- semver@5.5.0
75 silly idealTree +-- send@0.16.2
75 silly idealTree | +-- depd@1.1.2
75 silly idealTree | `-- ms@2.0.0
75 silly idealTree +-- serve@6.5.3
75 silly idealTree +-- setprototypeof@1.0.3
75 silly idealTree +-- shebang-command@1.2.0
75 silly idealTree +-- shebang-regex@1.0.0
75 silly idealTree +-- signal-exit@3.0.2
75 silly idealTree +-- source-map@0.4.4
75 silly idealTree +-- statuses@1.4.0
75 silly idealTree +-- string-similarity@1.2.0
75 silly idealTree +-- string-width@2.1.1
75 silly idealTree +-- strip-ansi@4.0.0
75 silly idealTree +-- strip-eof@1.0.0
75 silly idealTree +-- strip-json-comments@2.0.1
75 silly idealTree +-- supports-color@4.5.0
75 silly idealTree +-- term-size@1.2.0
75 silly idealTree +-- timed-out@4.0.1
75 silly idealTree +-- uglify-js@2.8.29
75 silly idealTree | `-- source-map@0.5.7
75 silly idealTree +-- uglify-to-browserify@1.0.2
75 silly idealTree +-- unique-string@1.0.0
75 silly idealTree +-- universalify@0.1.1
75 silly idealTree +-- unpipe@1.0.0
75 silly idealTree +-- unzip-response@2.0.1
75 silly idealTree +-- update-notifier@2.3.0
75 silly idealTree +-- url-parse-lax@1.0.0
75 silly idealTree +-- vary@1.1.2
75 silly idealTree +-- which@1.3.0
75 silly idealTree +-- widest-line@2.0.0
75 silly idealTree +-- window-size@0.1.0
75 silly idealTree +-- wordwrap@0.0.3
75 silly idealTree +-- write-file-atomic@2.3.0
75 silly idealTree +-- xdg-basedir@3.0.0
75 silly idealTree +-- yallist@2.1.2
75 silly idealTree `-- yargs@3.10.0
75 silly idealTree   `-- camelcase@1.2.1
76 silly generateActionsToTake Starting
77 silly install generateActionsToTake
78 silly generateActionsToTake Finishing
79 silly diffTrees action count 1
80 silly diffTrees add nodejs@0.0.0
81 silly decomposeActions action count 8
82 silly decomposeActions fetch nodejs@0.0.0
83 silly decomposeActions extract nodejs@0.0.0
84 silly decomposeActions test nodejs@0.0.0
85 silly decomposeActions preinstall nodejs@0.0.0
86 silly decomposeActions build nodejs@0.0.0
87 silly decomposeActions install nodejs@0.0.0
88 silly decomposeActions postinstall nodejs@0.0.0
89 silly decomposeActions finalize nodejs@0.0.0
90 silly runTopLevelLifecycles Starting
91 silly executeActions Starting
92 silly install executeActions
93 silly doSerial global-install 0
94 silly doParallel fetch 1
95 verbose correctMkdir C:\Users\Spencer Tilton\AppData\Roaming\npm-cache\_locks correctMkdir not in flight; initializing
96 verbose lock using C:\Users\Spencer Tilton\AppData\Roaming\npm-cache\_locks\staging-c20cda178ef21e19.lock for D:\rl-fighter\rl-fighter\node_modules\.staging
97 silly doParallel extract 1
98 silly extract nodejs@0.0.0
99 verbose unbuild node_modules\.staging\nodejs-73adbbfd
100 silly gentlyRm D:\rl-fighter\rl-fighter\node_modules\.staging\nodejs-73adbbfd is being purged from base D:\rl-fighter\rl-fighter
101 verbose gentlyRm don't care about contents; nuking D:\rl-fighter\rl-fighter\node_modules\.staging\nodejs-73adbbfd
102 verbose tar unpack C:\Users\Spencer Tilton\AppData\Roaming\npm-cache\nodejs\0.0.0\package.tgz
103 verbose tar unpacking to D:\rl-fighter\rl-fighter\node_modules\.staging\nodejs-73adbbfd
104 silly gentlyRm D:\rl-fighter\rl-fighter\node_modules\.staging\nodejs-73adbbfd is being purged
105 verbose gentlyRm don't care about contents; nuking D:\rl-fighter\rl-fighter\node_modules\.staging\nodejs-73adbbfd
106 silly gunzTarPerm modes [ '777', '666' ]
107 silly gunzTarPerm extractEntry package.json
108 silly gunzTarPerm extractEntry 1/getmodule.js
109 silly gunzTarPerm extractEntry 1/module.js
110 silly gunzTarPerm extractEntry 1/singleobject.js
111 silly gentlyRm D:\rl-fighter\rl-fighter\node_modules\.staging\nodejs-73adbbfd\node_modules is being purged
112 verbose gentlyRm don't care about contents; nuking D:\rl-fighter\rl-fighter\node_modules\.staging\nodejs-73adbbfd\node_modules
113 silly doParallel preinstall 1
114 silly preinstall nodejs@0.0.0
115 info lifecycle nodejs@0.0.0~preinstall: nodejs@0.0.0
116 silly lifecycle nodejs@0.0.0~preinstall: no script for preinstall, continuing
117 silly doReverseSerial remove 0
118 silly doSerial move 0
119 silly doSerial finalize 1
120 silly finalize D:\rl-fighter\rl-fighter\node_modules\nodejs
121 verbose unlock done using C:\Users\Spencer Tilton\AppData\Roaming\npm-cache\_locks\staging-c20cda178ef21e19.lock for D:\rl-fighter\rl-fighter\node_modules\.staging
122 silly rollbackFailedOptional Starting
123 silly gentlyRm D:\rl-fighter\rl-fighter\node_modules\nodejs is being purged from base D:\rl-fighter\rl-fighter
124 verbose gentlyRm don't care about contents; nuking D:\rl-fighter\rl-fighter\node_modules\nodejs
125 silly gentlyRm D:\rl-fighter\rl-fighter\node_modules\nodejs is being purged from base D:\rl-fighter\rl-fighter
126 verbose gentlyRm don't care about contents; nuking D:\rl-fighter\rl-fighter\node_modules\nodejs
127 silly gentlyRm D:\rl-fighter\rl-fighter\node_modules\nodejs is being purged from base D:\rl-fighter\rl-fighter
128 verbose gentlyRm don't care about contents; nuking D:\rl-fighter\rl-fighter\node_modules\nodejs
129 silly gentlyRm D:\rl-fighter\rl-fighter\node_modules\nodejs is being purged from base D:\rl-fighter\rl-fighter
130 verbose gentlyRm don't care about contents; nuking D:\rl-fighter\rl-fighter\node_modules\nodejs
131 silly gentlyRm D:\rl-fighter\rl-fighter\node_modules\nodejs is being purged from base D:\rl-fighter\rl-fighter
132 verbose gentlyRm don't care about contents; nuking D:\rl-fighter\rl-fighter\node_modules\nodejs
133 silly gentlyRm D:\rl-fighter\rl-fighter\node_modules\nodejs is being purged from base D:\rl-fighter\rl-fighter
134 verbose gentlyRm don't care about contents; nuking D:\rl-fighter\rl-fighter\node_modules\nodejs
135 silly gentlyRm D:\rl-fighter\rl-fighter\node_modules\nodejs is being purged from base D:\rl-fighter\rl-fighter
136 verbose gentlyRm don't care about contents; nuking D:\rl-fighter\rl-fighter\node_modules\nodejs
137 silly gentlyRm D:\rl-fighter\rl-fighter\node_modules\nodejs is being purged from base D:\rl-fighter\rl-fighter
138 verbose gentlyRm don't care about contents; nuking D:\rl-fighter\rl-fighter\node_modules\nodejs
139 silly rollbackFailedOptional Finishing
140 silly runTopLevelLifecycles Finishing
141 silly install printInstalled
142 warn rl-fighter@1.0.0 No description
143 verbose If you need help, you may report this error at:
143 verbose     <https://github.com/npm/npm/issues>
144 verbose stack Error: EPERM: operation not permitted, rename 'D:\rl-fighter\rl-fighter\node_modules\.staging\nodejs-73adbbfd' -> 'D:\rl-fighter\rl-fighter\node_modules\nodejs'
144 verbose stack     at destStatted (C:\Users\Spencer Tilton\AppData\Roaming\npm\node_modules\npm\lib\install\action\finalize.js:29:7)
144 verbose stack     at C:\Users\Spencer Tilton\AppData\Roaming\npm\node_modules\npm\node_modules\graceful-fs\polyfills.js:284:29
144 verbose stack     at FSReqWrap.oncomplete (fs.js:152:21)
144 verbose stack
144 verbose stack Error: EPERM: operation not permitted, rename 'D:\rl-fighter\rl-fighter\node_modules\.staging\nodejs-73adbbfd' -> 'D:\rl-fighter\rl-fighter\node_modules\nodejs'
145 verbose cwd D:\rl-fighter\rl-fighter
146 error Windows_NT 10.0.16299
147 error argv "C:\\Program Files\\nodejs\\node.exe" "C:\\Users\\Spencer Tilton\\AppData\\Roaming\\npm\\node_modules\\npm\\bin\\npm-cli.js" "install" "nodejs"
148 error node v8.9.4
149 error npm  v4.0.5
150 error path D:\rl-fighter\rl-fighter\node_modules\.staging\nodejs-73adbbfd
151 error code EPERM
152 error errno -4048
153 error syscall rename
154 error Error: EPERM: operation not permitted, rename 'D:\rl-fighter\rl-fighter\node_modules\.staging\nodejs-73adbbfd' -> 'D:\rl-fighter\rl-fighter\node_modules\nodejs'
154 error     at destStatted (C:\Users\Spencer Tilton\AppData\Roaming\npm\node_modules\npm\lib\install\action\finalize.js:29:7)
154 error     at C:\Users\Spencer Tilton\AppData\Roaming\npm\node_modules\npm\node_modules\graceful-fs\polyfills.js:284:29
154 error     at FSReqWrap.oncomplete (fs.js:152:21)
154 error
154 error Error: EPERM: operation not permitted, rename 'D:\rl-fighter\rl-fighter\node_modules\.staging\nodejs-73adbbfd' -> 'D:\rl-fighter\rl-fighter\node_modules\nodejs'
154 error  { Error: EPERM: operation not permitted, rename 'D:\rl-fighter\rl-fighter\node_modules\.staging\nodejs-73adbbfd' -> 'D:\rl-fighter\rl-fighter\node_modules\nodejs'
154 error     at destStatted (C:\Users\Spencer Tilton\AppData\Roaming\npm\node_modules\npm\lib\install\action\finalize.js:29:7)
154 error     at C:\Users\Spencer Tilton\AppData\Roaming\npm\node_modules\npm\node_modules\graceful-fs\polyfills.js:284:29
154 error     at FSReqWrap.oncomplete (fs.js:152:21)
154 error
154 error Error: EPERM: operation not permitted, rename 'D:\rl-fighter\rl-fighter\node_modules\.staging\nodejs-73adbbfd' -> 'D:\rl-fighter\rl-fighter\node_modules\nodejs' parent: 'rl-fighter' }
155 error Please try running this command again as root/Administrator.
156 verbose exit [ -4048, true ]
